07:02:56.359 [main] INFO  testCases.TC001_AccountRegistrationTestCase - started
07:02:56.362 [main] INFO  testCases.TC001_AccountRegistrationTestCase - *********Starting TC001_AccountRegistrationTestCase **********
07:02:56.575 [main] INFO  testCases.TC001_AccountRegistrationTestCase - Clicked My Account link
07:02:57.054 [main] INFO  testCases.TC001_AccountRegistrationTestCase - Clicked Register link
07:02:57.059 [main] INFO  testCases.TC001_AccountRegistrationTestCase - Providing customer details
07:02:59.262 [main] INFO  testCases.TC001_AccountRegistrationTestCase - Validating expected message
07:02:59.308 [main] INFO  testCases.TC001_AccountRegistrationTestCase - ****** Finished TC_001_AccountRegistrationTest ********
07:04:42.192 [main] INFO  testCases.TC001_AccountRegistrationTestCase - started
07:04:42.210 [main] INFO  testCases.TC001_AccountRegistrationTestCase - *********Starting TC001_AccountRegistrationTestCase **********
07:04:42.387 [main] INFO  testCases.TC001_AccountRegistrationTestCase - Clicked My Account link
07:04:42.789 [main] INFO  testCases.TC001_AccountRegistrationTestCase - Clicked Register link
07:04:42.794 [main] INFO  testCases.TC001_AccountRegistrationTestCase - Providing customer details
07:04:45.733 [main] INFO  testCases.TC001_AccountRegistrationTestCase - Validating expected message
07:04:45.781 [main] INFO  testCases.TC001_AccountRegistrationTestCase - ****** Finished TC_001_AccountRegistrationTest ********
07:18:14.634 [main] INFO  testCases.TC001_AccountRegistrationTestCase.verify_account_registration(TC001_AccountRegistrationTestCase.java:19)oggger - started
07:18:14.639 [main] INFO  testCases.TC001_AccountRegistrationTestCase.verify_account_registration(TC001_AccountRegistrationTestCase.java:21)oggger - *********Starting TC001_AccountRegistrationTestCase **********
07:18:14.849 [main] INFO  testCases.TC001_AccountRegistrationTestCase.verify_account_registration(TC001_AccountRegistrationTestCase.java:24)oggger - Clicked My Account link
07:18:15.643 [main] INFO  testCases.TC001_AccountRegistrationTestCase.verify_account_registration(TC001_AccountRegistrationTestCase.java:27)oggger - Clicked Register link
07:18:15.647 [main] INFO  testCases.TC001_AccountRegistrationTestCase.verify_account_registration(TC001_AccountRegistrationTestCase.java:30)oggger - Providing customer details
07:18:17.915 [main] INFO  testCases.TC001_AccountRegistrationTestCase.verify_account_registration(TC001_AccountRegistrationTestCase.java:42)oggger - Validating expected message
07:18:17.984 [main] INFO  testCases.TC001_AccountRegistrationTestCase.verify_account_registration(TC001_AccountRegistrationTestCase.java:57)oggger - ****** Finished TC_001_AccountRegistrationTest ********
07:19:57.923 [main] INFO  testCases.TC001_AccountRegistrationTestCase.verify_account_registration(TC001_AccountRegistrationTestCase.java:19)oggger - started
07:19:57.929 [main] INFO  testCases.TC001_AccountRegistrationTestCase.verify_account_registration(TC001_AccountRegistrationTestCase.java:21)oggger - *********Starting TC001_AccountRegistrationTestCase **********
07:19:58.095 [main] INFO  testCases.TC001_AccountRegistrationTestCase.verify_account_registration(TC001_AccountRegistrationTestCase.java:24)oggger - Clicked My Account link
07:19:58.769 [main] INFO  testCases.TC001_AccountRegistrationTestCase.verify_account_registration(TC001_AccountRegistrationTestCase.java:27)oggger - Clicked Register link
07:19:58.772 [main] INFO  testCases.TC001_AccountRegistrationTestCase.verify_account_registration(TC001_AccountRegistrationTestCase.java:30)oggger - Providing customer details
07:20:07.330 [main] INFO  testCases.TC001_AccountRegistrationTestCase.verify_account_registration(TC001_AccountRegistrationTestCase.java:42)oggger - Validating expected message
07:20:07.426 [main] ERROR testCases.TC001_AccountRegistrationTestCase.verify_account_registration(TC001_AccountRegistrationTestCase.java:52)oggger - Test failed
07:20:07.426 [main] DEBUG testCases.TC001_AccountRegistrationTestCase.verify_account_registration(TC001_AccountRegistrationTestCase.java:53)oggger - Debug logs..
07:21:18.822 [main] INFO  testCases.TC001_AccountRegistrationTestCase.verify_account_registration(TC001_AccountRegistrationTestCase.java:19)oggger - started
07:21:18.999 [main] INFO  testCases.TC001_AccountRegistrationTestCase.verify_account_registration(TC001_AccountRegistrationTestCase.java:21)oggger - *********Starting TC001_AccountRegistrationTestCase **********
07:21:19.227 [main] INFO  testCases.TC001_AccountRegistrationTestCase.verify_account_registration(TC001_AccountRegistrationTestCase.java:24)oggger - Clicked My Account link
07:21:20.103 [main] INFO  testCases.TC001_AccountRegistrationTestCase.verify_account_registration(TC001_AccountRegistrationTestCase.java:27)oggger - Clicked Register link
07:21:20.111 [main] INFO  testCases.TC001_AccountRegistrationTestCase.verify_account_registration(TC001_AccountRegistrationTestCase.java:30)oggger - Providing customer details
07:21:22.751 [main] INFO  testCases.TC001_AccountRegistrationTestCase.verify_account_registration(TC001_AccountRegistrationTestCase.java:42)oggger - Validating expected message
07:21:22.860 [main] ERROR testCases.TC001_AccountRegistrationTestCase.verify_account_registration(TC001_AccountRegistrationTestCase.java:52)oggger - Test failed
07:29:27.103 [main] INFO  testCases.TC001_AccountRegistrationTestCase.verify_account_registration(TC001_AccountRegistrationTestCase.java:19)oggger - started
07:29:27.113 [main] INFO  testCases.TC001_AccountRegistrationTestCase.verify_account_registration(TC001_AccountRegistrationTestCase.java:21)oggger - *********Starting TC001_AccountRegistrationTestCase **********
07:29:27.304 [main] INFO  testCases.TC001_AccountRegistrationTestCase.verify_account_registration(TC001_AccountRegistrationTestCase.java:24)oggger - Clicked My Account link
07:29:28.146 [main] INFO  testCases.TC001_AccountRegistrationTestCase.verify_account_registration(TC001_AccountRegistrationTestCase.java:27)oggger - Clicked Register link
07:29:28.152 [main] INFO  testCases.TC001_AccountRegistrationTestCase.verify_account_registration(TC001_AccountRegistrationTestCase.java:30)oggger - Providing customer details
07:29:31.006 [main] INFO  testCases.TC001_AccountRegistrationTestCase.verify_account_registration(TC001_AccountRegistrationTestCase.java:42)oggger - Validating expected message
07:29:31.062 [main] ERROR testCases.TC001_AccountRegistrationTestCase.verify_account_registration(TC001_AccountRegistrationTestCase.java:52)oggger - Test failed
21:28:11.171 [main] INFO  org.testng.log4testng.Logger.info(Logger.java:112)oggger - [Utils] MethodGroupsHelper.collectMethodsByGroup() took 0 ms.
21:28:11.178 [main] INFO  org.testng.log4testng.Logger.info(Logger.java:112)oggger - [Utils] MethodGroupsHelper.sortMethods() took 0 ms.
21:28:11.179 [main] INFO  org.testng.log4testng.Logger.info(Logger.java:112)oggger - [Utils] MethodGroupsHelper.collectMethodsByGroup() took 0 ms.
21:28:11.179 [main] INFO  org.testng.log4testng.Logger.info(Logger.java:112)oggger - [Utils] MethodGroupsHelper.sortMethods() took 0 ms.
21:28:11.180 [main] INFO  org.testng.log4testng.Logger.info(Logger.java:112)oggger - [Utils] MethodGroupsHelper.collectMethodsByGroup() took 0 ms.
21:28:11.180 [main] INFO  org.testng.log4testng.Logger.info(Logger.java:112)oggger - [Utils] MethodGroupsHelper.sortMethods() took 0 ms.
21:28:11.181 [main] INFO  org.testng.log4testng.Logger.info(Logger.java:112)oggger - [Utils] MethodGroupsHelper.collectMethodsByGroup() took 0 ms.
21:28:11.181 [main] INFO  org.testng.log4testng.Logger.info(Logger.java:112)oggger - [Utils] MethodGroupsHelper.sortMethods() took 0 ms.
21:28:11.188 [main] INFO  org.testng.log4testng.Logger.info(Logger.java:112)oggger - [Utils] MethodGroupsHelper.collectMethodsByGroup() took 4 ms.
21:28:11.196 [main] INFO  org.testng.log4testng.Logger.info(Logger.java:112)oggger - [Utils] MethodGroupsHelper.sortMethods() took 7 ms.
21:28:11.197 [main] INFO  org.testng.log4testng.Logger.info(Logger.java:112)oggger - [Utils] MethodGroupsHelper.collectMethodsByGroup() took 0 ms.
21:28:11.198 [main] INFO  org.testng.log4testng.Logger.info(Logger.java:112)oggger - [Utils] MethodGroupsHelper.sortMethods() took 0 ms.
21:28:11.199 [main] INFO  org.testng.log4testng.Logger.info(Logger.java:112)oggger - [Utils] MethodGroupsHelper.collectMethodsByGroup() took 0 ms.
21:28:11.199 [main] INFO  org.testng.log4testng.Logger.info(Logger.java:112)oggger - [Utils] MethodGroupsHelper.sortMethods() took 0 ms.
21:28:11.199 [main] INFO  org.testng.log4testng.Logger.info(Logger.java:112)oggger - [Utils] MethodGroupsHelper.collectMethodsByGroup() took 0 ms.
21:28:11.200 [main] INFO  org.testng.log4testng.Logger.info(Logger.java:112)oggger - [Utils] MethodGroupsHelper.sortMethods() took 0 ms.
21:28:11.201 [main] INFO  org.testng.log4testng.Logger.info(Logger.java:112)oggger - [Utils] MethodGroupsHelper.collectMethodsByGroup() took 0 ms.
21:28:11.202 [main] INFO  org.testng.log4testng.Logger.info(Logger.java:112)oggger - [Utils] MethodGroupsHelper.sortMethods() took 0 ms.
21:28:11.202 [main] INFO  org.testng.log4testng.Logger.info(Logger.java:112)oggger - [Utils] MethodGroupsHelper.collectMethodsByGroup() took 0 ms.
21:28:11.203 [main] INFO  org.testng.log4testng.Logger.info(Logger.java:112)oggger - [Utils] MethodGroupsHelper.sortMethods() took 0 ms.
21:28:11.206 [main] INFO  org.testng.log4testng.Logger.info(Logger.java:112)oggger - [Utils] MethodGroupsHelper.collectMethodsByGroup() took 0 ms.
21:28:11.206 [main] INFO  org.testng.log4testng.Logger.info(Logger.java:112)oggger - [Utils] MethodGroupsHelper.sortMethods() took 0 ms.
21:28:11.206 [main] INFO  org.testng.log4testng.Logger.info(Logger.java:112)oggger - [Utils] MethodGroupsHelper.collectMethodsByGroup() took 0 ms.
21:28:11.206 [main] INFO  org.testng.log4testng.Logger.info(Logger.java:112)oggger - [Utils] MethodGroupsHelper.sortMethods() took 0 ms.
21:28:11.207 [main] INFO  org.testng.log4testng.Logger.info(Logger.java:112)oggger - [Utils] MethodGroupsHelper.collectMethodsByGroup() took 0 ms.
21:28:11.209 [main] INFO  org.testng.log4testng.Logger.info(Logger.java:112)oggger - [Utils] MethodGroupsHelper.sortMethods() took 0 ms.
21:28:11.209 [main] INFO  org.testng.log4testng.Logger.info(Logger.java:112)oggger - [Utils] MethodGroupsHelper.collectMethodsByGroup() took 0 ms.
21:28:11.210 [main] INFO  org.testng.log4testng.Logger.info(Logger.java:112)oggger - [Utils] MethodGroupsHelper.sortMethods() took 0 ms.
21:28:11.210 [main] INFO  org.testng.log4testng.Logger.info(Logger.java:112)oggger - [Utils] MethodGroupsHelper.collectMethodsByGroup() took 0 ms.
21:28:11.210 [main] INFO  org.testng.log4testng.Logger.info(Logger.java:112)oggger - [Utils] MethodGroupsHelper.sortMethods() took 0 ms.
21:28:11.220 [main] INFO  org.testng.log4testng.Logger.info(Logger.java:112)oggger - [TestNG] Running:
  C:\Users\yogen\AppData\Local\Temp\testng-eclipse-1517262547\testng-customsuite.xml

21:28:11.258 [main] INFO  org.testng.log4testng.Logger.info(Logger.java:112)oggger - [Utils] DynamicGraphHelper.createDynamicGraph() took 4 ms.
21:28:11.630 [main] INFO  org.testng.log4testng.Logger.info(Logger.java:112)oggger - [TestNG] Time taken by org.testng.reporters.jq.Main@a4ca3f6: 189 ms
21:28:11.676 [main] INFO  org.testng.log4testng.Logger.info(Logger.java:112)oggger - [TestNG] Time taken by org.testng.reporters.FailedReporter@7e22550a: 46 ms
21:28:11.759 [main] INFO  org.testng.log4testng.Logger.info(Logger.java:112)oggger - [TestNG] Time taken by org.testng.reporters.XMLReporter@665df3c6: 81 ms
21:28:11.772 [main] INFO  org.testng.log4testng.Logger.info(Logger.java:112)oggger - [TestNG] Time taken by org.testng.reporters.EmailableReporter2@fb9c7aa: 13 ms
21:28:11.782 [main] INFO  org.testng.log4testng.Logger.info(Logger.java:112)oggger - [TestNG] Time taken by org.testng.reporters.JUnitReportReporter@5dd91bca: 9 ms
21:28:11.782 [main] INFO  org.testng.log4testng.Logger.info(Logger.java:112)oggger - [TestNG] Time taken by org.testng.internal.ExitCodeListener@40cb698e: 0 ms
21:28:57.951 [main] INFO  org.testng.log4testng.Logger.info(Logger.java:112)oggger - [TestNG] Running:
  D:\Program Data\eclipse-workspace\OpencartV121\testng.xml

21:30:35.095 [main] INFO  org.testng.log4testng.Logger.info(Logger.java:112)oggger - [TestNG] Running:
  D:\Program Data\eclipse-workspace\OpencartV121\testng.xml

21:30:41.794 [main] INFO  testCases.TC001_AccountRegistrationTestCase.verify_account_registration(TC001_AccountRegistrationTestCase.java:19)oggger - started
21:30:41.795 [main] INFO  testCases.TC001_AccountRegistrationTestCase.verify_account_registration(TC001_AccountRegistrationTestCase.java:21)oggger - *********Starting TC001_AccountRegistrationTestCase **********
21:30:41.991 [main] INFO  testCases.TC001_AccountRegistrationTestCase.verify_account_registration(TC001_AccountRegistrationTestCase.java:24)oggger - Clicked My Account link
21:30:42.507 [main] INFO  testCases.TC001_AccountRegistrationTestCase.verify_account_registration(TC001_AccountRegistrationTestCase.java:27)oggger - Clicked Register link
21:30:42.513 [main] INFO  testCases.TC001_AccountRegistrationTestCase.verify_account_registration(TC001_AccountRegistrationTestCase.java:30)oggger - Providing customer details
21:30:44.581 [main] INFO  testCases.TC001_AccountRegistrationTestCase.verify_account_registration(TC001_AccountRegistrationTestCase.java:42)oggger - Validating expected message
21:30:44.641 [main] INFO  testCases.TC001_AccountRegistrationTestCase.verify_account_registration(TC001_AccountRegistrationTestCase.java:57)oggger - ****** Finished TC_001_AccountRegistrationTest ********
21:32:45.602 [main] INFO  org.testng.log4testng.Logger.info(Logger.java:112)oggger - [TestNG] Running:
  D:\Program Data\eclipse-workspace\OpencartV121\testng.xml

21:33:47.014 [main] INFO  testCases.TC001_AccountRegistrationTestCase.verify_account_registration(TC001_AccountRegistrationTestCase.java:19)oggger - started
21:33:47.031 [main] INFO  testCases.TC001_AccountRegistrationTestCase.verify_account_registration(TC001_AccountRegistrationTestCase.java:21)oggger - *********Starting TC001_AccountRegistrationTestCase **********
21:33:47.586 [main] INFO  testCases.TC001_AccountRegistrationTestCase.verify_account_registration(TC001_AccountRegistrationTestCase.java:24)oggger - Clicked My Account link
21:33:49.166 [main] INFO  testCases.TC001_AccountRegistrationTestCase.verify_account_registration(TC001_AccountRegistrationTestCase.java:27)oggger - Clicked Register link
21:33:49.171 [main] INFO  testCases.TC001_AccountRegistrationTestCase.verify_account_registration(TC001_AccountRegistrationTestCase.java:30)oggger - Providing customer details
21:33:50.893 [main] INFO  testCases.TC001_AccountRegistrationTestCase.verify_account_registration(TC001_AccountRegistrationTestCase.java:42)oggger - Validating expected message
21:33:50.934 [main] INFO  testCases.TC001_AccountRegistrationTestCase.verify_account_registration(TC001_AccountRegistrationTestCase.java:57)oggger - ****** Finished TC_001_AccountRegistrationTest ********
21:48:45.281 [main] INFO  org.testng.log4testng.Logger.info(Logger.java:112)oggger - [TestNG] Running:
  D:\Program Data\eclipse-workspace\OpencartV121\crossbrowsertesting.xml

21:48:52.194 [main] INFO  testCases.TC001_AccountRegistrationTestCase.verify_account_registration(TC001_AccountRegistrationTestCase.java:19)oggger - started
21:48:52.202 [main] INFO  testCases.TC001_AccountRegistrationTestCase.verify_account_registration(TC001_AccountRegistrationTestCase.java:21)oggger - *********Starting TC001_AccountRegistrationTestCase **********
21:48:52.413 [main] INFO  testCases.TC001_AccountRegistrationTestCase.verify_account_registration(TC001_AccountRegistrationTestCase.java:24)oggger - Clicked My Account link
21:48:53.053 [main] INFO  testCases.TC001_AccountRegistrationTestCase.verify_account_registration(TC001_AccountRegistrationTestCase.java:27)oggger - Clicked Register link
21:48:53.056 [main] INFO  testCases.TC001_AccountRegistrationTestCase.verify_account_registration(TC001_AccountRegistrationTestCase.java:30)oggger - Providing customer details
21:48:55.139 [main] INFO  testCases.TC001_AccountRegistrationTestCase.verify_account_registration(TC001_AccountRegistrationTestCase.java:42)oggger - Validating expected message
21:48:55.430 [main] INFO  testCases.TC001_AccountRegistrationTestCase.verify_account_registration(TC001_AccountRegistrationTestCase.java:57)oggger - ****** Finished TC_001_AccountRegistrationTest ********
21:49:05.202 [main] INFO  testCases.TC001_AccountRegistrationTestCase.verify_account_registration(TC001_AccountRegistrationTestCase.java:19)oggger - started
21:49:05.212 [main] INFO  testCases.TC001_AccountRegistrationTestCase.verify_account_registration(TC001_AccountRegistrationTestCase.java:21)oggger - *********Starting TC001_AccountRegistrationTestCase **********
21:49:05.425 [main] INFO  testCases.TC001_AccountRegistrationTestCase.verify_account_registration(TC001_AccountRegistrationTestCase.java:24)oggger - Clicked My Account link
21:49:05.964 [main] INFO  testCases.TC001_AccountRegistrationTestCase.verify_account_registration(TC001_AccountRegistrationTestCase.java:27)oggger - Clicked Register link
21:49:05.965 [main] INFO  testCases.TC001_AccountRegistrationTestCase.verify_account_registration(TC001_AccountRegistrationTestCase.java:30)oggger - Providing customer details
21:49:08.310 [main] INFO  testCases.TC001_AccountRegistrationTestCase.verify_account_registration(TC001_AccountRegistrationTestCase.java:42)oggger - Validating expected message
21:49:08.361 [main] INFO  testCases.TC001_AccountRegistrationTestCase.verify_account_registration(TC001_AccountRegistrationTestCase.java:57)oggger - ****** Finished TC_001_AccountRegistrationTest ********
21:50:19.103 [main] INFO  org.testng.log4testng.Logger.info(Logger.java:112)oggger - [TestNG] Running:
  D:\Program Data\eclipse-workspace\OpencartV121\crossbrowsertesting.xml

21:50:28.303 [TestNG-tests-1] INFO  testCases.TC001_AccountRegistrationTestCase.verify_account_registration(TC001_AccountRegistrationTestCase.java:19)oggger - started
21:50:28.338 [TestNG-tests-1] INFO  testCases.TC001_AccountRegistrationTestCase.verify_account_registration(TC001_AccountRegistrationTestCase.java:21)oggger - *********Starting TC001_AccountRegistrationTestCase **********
21:50:29.875 [TestNG-tests-1] INFO  testCases.TC001_AccountRegistrationTestCase.verify_account_registration(TC001_AccountRegistrationTestCase.java:24)oggger - Clicked My Account link
21:50:30.456 [TestNG-tests-2] INFO  testCases.TC001_AccountRegistrationTestCase.verify_account_registration(TC001_AccountRegistrationTestCase.java:19)oggger - started
21:50:30.456 [TestNG-tests-2] INFO  testCases.TC001_AccountRegistrationTestCase.verify_account_registration(TC001_AccountRegistrationTestCase.java:21)oggger - *********Starting TC001_AccountRegistrationTestCase **********
21:50:31.224 [TestNG-tests-1] INFO  testCases.TC001_AccountRegistrationTestCase.verify_account_registration(TC001_AccountRegistrationTestCase.java:27)oggger - Clicked Register link
21:50:31.228 [TestNG-tests-1] INFO  testCases.TC001_AccountRegistrationTestCase.verify_account_registration(TC001_AccountRegistrationTestCase.java:30)oggger - Providing customer details
21:50:31.649 [TestNG-tests-2] INFO  testCases.TC001_AccountRegistrationTestCase.verify_account_registration(TC001_AccountRegistrationTestCase.java:24)oggger - Clicked My Account link
21:50:32.583 [TestNG-tests-2] INFO  testCases.TC001_AccountRegistrationTestCase.verify_account_registration(TC001_AccountRegistrationTestCase.java:27)oggger - Clicked Register link
21:50:32.584 [TestNG-tests-2] INFO  testCases.TC001_AccountRegistrationTestCase.verify_account_registration(TC001_AccountRegistrationTestCase.java:30)oggger - Providing customer details
21:50:36.089 [TestNG-tests-1] INFO  testCases.TC001_AccountRegistrationTestCase.verify_account_registration(TC001_AccountRegistrationTestCase.java:42)oggger - Validating expected message
21:50:36.184 [TestNG-tests-2] INFO  testCases.TC001_AccountRegistrationTestCase.verify_account_registration(TC001_AccountRegistrationTestCase.java:42)oggger - Validating expected message
21:50:36.213 [TestNG-tests-1] INFO  testCases.TC001_AccountRegistrationTestCase.verify_account_registration(TC001_AccountRegistrationTestCase.java:57)oggger - ****** Finished TC_001_AccountRegistrationTest ********
21:50:36.263 [TestNG-tests-2] INFO  testCases.TC001_AccountRegistrationTestCase.verify_account_registration(TC001_AccountRegistrationTestCase.java:57)oggger - ****** Finished TC_001_AccountRegistrationTest ********
22:27:45.892 [main] INFO  org.testng.log4testng.Logger.info(Logger.java:112)oggger - [TestNG] Running:
  D:\Program Data\eclipse-workspace\OpencartV121\testng.xml

22:31:46.990 [main] INFO  org.testng.log4testng.Logger.info(Logger.java:112)oggger - [TestNG] Running:
  D:\Program Data\eclipse-workspace\OpencartV121\testng.xml

22:37:14.212 [main] INFO  org.testng.log4testng.Logger.info(Logger.java:112)oggger - [TestNG] Running:
  D:\Program Data\eclipse-workspace\OpencartV121\testng.xml

22:38:20.437 [main] INFO  org.testng.log4testng.Logger.info(Logger.java:112)oggger - [TestNG] Running:
  D:\Program Data\eclipse-workspace\OpencartV121\testng.xml

22:42:40.015 [main] INFO  org.testng.log4testng.Logger.info(Logger.java:112)oggger - [TestNG] Running:
  D:\Program Data\eclipse-workspace\OpencartV121\testng.xml

22:42:46.989 [main] INFO  testCases.TC001_AccountRegistrationTestCase.verify_account_registration(TC001_AccountRegistrationTestCase.java:19)oggger - started
22:42:46.989 [main] INFO  testCases.TC001_AccountRegistrationTestCase.verify_account_registration(TC001_AccountRegistrationTestCase.java:21)oggger - *********Starting TC001_AccountRegistrationTestCase **********
22:42:47.220 [main] INFO  testCases.TC001_AccountRegistrationTestCase.verify_account_registration(TC001_AccountRegistrationTestCase.java:24)oggger - Clicked My Account link
22:42:47.850 [main] INFO  testCases.TC001_AccountRegistrationTestCase.verify_account_registration(TC001_AccountRegistrationTestCase.java:27)oggger - Clicked Register link
22:42:47.852 [main] INFO  testCases.TC001_AccountRegistrationTestCase.verify_account_registration(TC001_AccountRegistrationTestCase.java:30)oggger - Providing customer details
22:42:49.858 [main] INFO  testCases.TC001_AccountRegistrationTestCase.verify_account_registration(TC001_AccountRegistrationTestCase.java:42)oggger - Validating expected message
22:42:49.902 [main] INFO  testCases.TC001_AccountRegistrationTestCase.verify_account_registration(TC001_AccountRegistrationTestCase.java:57)oggger - ****** Finished TC_001_AccountRegistrationTest ********
08:58:59.935 [main] INFO  org.testng.log4testng.Logger.info(Logger.java:112)oggger - [Utils] MethodGroupsHelper.collectMethodsByGroup() took 0 ms.
08:58:59.941 [main] INFO  org.testng.log4testng.Logger.info(Logger.java:112)oggger - [Utils] MethodGroupsHelper.sortMethods() took 1 ms.
08:58:59.943 [main] INFO  org.testng.log4testng.Logger.info(Logger.java:112)oggger - [Utils] MethodGroupsHelper.collectMethodsByGroup() took 0 ms.
08:58:59.943 [main] INFO  org.testng.log4testng.Logger.info(Logger.java:112)oggger - [Utils] MethodGroupsHelper.sortMethods() took 0 ms.
08:58:59.944 [main] INFO  org.testng.log4testng.Logger.info(Logger.java:112)oggger - [Utils] MethodGroupsHelper.collectMethodsByGroup() took 0 ms.
08:58:59.944 [main] INFO  org.testng.log4testng.Logger.info(Logger.java:112)oggger - [Utils] MethodGroupsHelper.sortMethods() took 0 ms.
08:58:59.945 [main] INFO  org.testng.log4testng.Logger.info(Logger.java:112)oggger - [Utils] MethodGroupsHelper.collectMethodsByGroup() took 0 ms.
08:58:59.945 [main] INFO  org.testng.log4testng.Logger.info(Logger.java:112)oggger - [Utils] MethodGroupsHelper.sortMethods() took 0 ms.
08:58:59.951 [main] INFO  org.testng.log4testng.Logger.info(Logger.java:112)oggger - [Utils] MethodGroupsHelper.collectMethodsByGroup() took 3 ms.
08:58:59.959 [main] INFO  org.testng.log4testng.Logger.info(Logger.java:112)oggger - [Utils] MethodGroupsHelper.sortMethods() took 7 ms.
08:58:59.960 [main] INFO  org.testng.log4testng.Logger.info(Logger.java:112)oggger - [Utils] MethodGroupsHelper.collectMethodsByGroup() took 0 ms.
08:58:59.961 [main] INFO  org.testng.log4testng.Logger.info(Logger.java:112)oggger - [Utils] MethodGroupsHelper.sortMethods() took 0 ms.
08:58:59.962 [main] INFO  org.testng.log4testng.Logger.info(Logger.java:112)oggger - [Utils] MethodGroupsHelper.collectMethodsByGroup() took 0 ms.
08:58:59.962 [main] INFO  org.testng.log4testng.Logger.info(Logger.java:112)oggger - [Utils] MethodGroupsHelper.sortMethods() took 0 ms.
08:58:59.962 [main] INFO  org.testng.log4testng.Logger.info(Logger.java:112)oggger - [Utils] MethodGroupsHelper.collectMethodsByGroup() took 0 ms.
08:58:59.962 [main] INFO  org.testng.log4testng.Logger.info(Logger.java:112)oggger - [Utils] MethodGroupsHelper.sortMethods() took 0 ms.
08:58:59.964 [main] INFO  org.testng.log4testng.Logger.info(Logger.java:112)oggger - [Utils] MethodGroupsHelper.collectMethodsByGroup() took 0 ms.
08:58:59.965 [main] INFO  org.testng.log4testng.Logger.info(Logger.java:112)oggger - [Utils] MethodGroupsHelper.sortMethods() took 0 ms.
08:58:59.965 [main] INFO  org.testng.log4testng.Logger.info(Logger.java:112)oggger - [Utils] MethodGroupsHelper.collectMethodsByGroup() took 0 ms.
08:58:59.965 [main] INFO  org.testng.log4testng.Logger.info(Logger.java:112)oggger - [Utils] MethodGroupsHelper.sortMethods() took 0 ms.
08:58:59.968 [main] INFO  org.testng.log4testng.Logger.info(Logger.java:112)oggger - [Utils] MethodGroupsHelper.collectMethodsByGroup() took 0 ms.
08:58:59.968 [main] INFO  org.testng.log4testng.Logger.info(Logger.java:112)oggger - [Utils] MethodGroupsHelper.sortMethods() took 0 ms.
08:58:59.968 [main] INFO  org.testng.log4testng.Logger.info(Logger.java:112)oggger - [Utils] MethodGroupsHelper.collectMethodsByGroup() took 0 ms.
08:58:59.968 [main] INFO  org.testng.log4testng.Logger.info(Logger.java:112)oggger - [Utils] MethodGroupsHelper.sortMethods() took 0 ms.
08:58:59.969 [main] INFO  org.testng.log4testng.Logger.info(Logger.java:112)oggger - [Utils] MethodGroupsHelper.collectMethodsByGroup() took 0 ms.
08:58:59.970 [main] INFO  org.testng.log4testng.Logger.info(Logger.java:112)oggger - [Utils] MethodGroupsHelper.sortMethods() took 0 ms.
08:58:59.971 [main] INFO  org.testng.log4testng.Logger.info(Logger.java:112)oggger - [Utils] MethodGroupsHelper.collectMethodsByGroup() took 0 ms.
08:58:59.971 [main] INFO  org.testng.log4testng.Logger.info(Logger.java:112)oggger - [Utils] MethodGroupsHelper.sortMethods() took 0 ms.
08:58:59.971 [main] INFO  org.testng.log4testng.Logger.info(Logger.java:112)oggger - [Utils] MethodGroupsHelper.collectMethodsByGroup() took 0 ms.
08:58:59.971 [main] INFO  org.testng.log4testng.Logger.info(Logger.java:112)oggger - [Utils] MethodGroupsHelper.sortMethods() took 0 ms.
08:58:59.980 [main] INFO  org.testng.log4testng.Logger.info(Logger.java:112)oggger - [TestNG] Running:
  C:\Users\yogen\AppData\Local\Temp\testng-eclipse-75183310\testng-customsuite.xml

08:59:00.006 [main] INFO  org.testng.log4testng.Logger.info(Logger.java:112)oggger - [Utils] DynamicGraphHelper.createDynamicGraph() took 6 ms.
08:59:00.365 [main] INFO  org.testng.log4testng.Logger.info(Logger.java:112)oggger - [TestNG] Time taken by org.testng.reporters.jq.Main@72ea6193: 131 ms
08:59:00.446 [main] INFO  org.testng.log4testng.Logger.info(Logger.java:112)oggger - [TestNG] Time taken by org.testng.reporters.FailedReporter@45e37a7e: 79 ms
08:59:00.461 [main] INFO  org.testng.log4testng.Logger.info(Logger.java:112)oggger - [TestNG] Time taken by org.testng.reporters.XMLReporter@68b6f0d6: 15 ms
08:59:00.492 [main] INFO  org.testng.log4testng.Logger.info(Logger.java:112)oggger - [TestNG] Time taken by org.testng.reporters.EmailableReporter2@4c398c80: 31 ms
08:59:00.500 [main] INFO  org.testng.log4testng.Logger.info(Logger.java:112)oggger - [TestNG] Time taken by org.testng.reporters.JUnitReportReporter@40cb698e: 8 ms
08:59:00.500 [main] INFO  org.testng.log4testng.Logger.info(Logger.java:112)oggger - [TestNG] Time taken by org.testng.internal.ExitCodeListener@3382f8ae: 0 ms
09:03:21.567 [main] INFO  org.testng.log4testng.Logger.info(Logger.java:112)oggger - [TestNG] Running:
  D:\Program Data\eclipse-workspace\OpencartV121\testng.xml

09:03:28.558 [main] INFO  testCases.TC_002_LoginTest.verifyLogin(TC_002_LoginTest.java:17)oggger - ******Starting TC_002_LoginTest*******
09:05:16.978 [main] INFO  org.testng.log4testng.Logger.info(Logger.java:112)oggger - [TestNG] Running:
  D:\Program Data\eclipse-workspace\OpencartV121\testng.xml

09:05:22.310 [main] INFO  testCases.TC_002_LoginTest.verifyLogin(TC_002_LoginTest.java:17)oggger - ******Starting TC_002_LoginTest*******
09:06:36.789 [main] INFO  org.testng.log4testng.Logger.info(Logger.java:112)oggger - [TestNG] Running:
  D:\Program Data\eclipse-workspace\OpencartV121\testng.xml

09:06:40.643 [main] INFO  testCases.TC_002_LoginTest.verifyLogin(TC_002_LoginTest.java:17)oggger - ******Starting TC_002_LoginTest*******
09:09:42.966 [main] INFO  org.testng.log4testng.Logger.info(Logger.java:112)oggger - [TestNG] Running:
  D:\Program Data\eclipse-workspace\OpencartV121\testng.xml

09:09:47.114 [main] INFO  testCases.TC_002_LoginTest.verifyLogin(TC_002_LoginTest.java:17)oggger - ******Starting TC_002_LoginTest*******
17:57:10.634 [main] INFO  org.testng.log4testng.Logger.info(Logger.java:112)oggger - [TestNG] Running:
  D:\Program Data\eclipse-workspace\OpencartV121\testng.xml

17:57:15.170 [main] INFO  testCases.TC_002_LoginTest.verifyLogin(TC_002_LoginTest.java:17)oggger - ******Starting TC_002_LoginTest*******
18:08:30.376 [main] INFO  org.testng.log4testng.Logger.info(Logger.java:112)oggger - [TestNG] Running:
  D:\Program Data\eclipse-workspace\OpencartV121\testng.xml

18:08:35.944 [main] INFO  testCases.TC_002_LoginTest.verifyLogin(TC_002_LoginTest.java:17)oggger - ******Starting TC_002_LoginTest*******
18:12:02.849 [main] INFO  org.testng.log4testng.Logger.info(Logger.java:112)oggger - [TestNG] Running:
  D:\Program Data\eclipse-workspace\OpencartV121\testng.xml

18:12:07.332 [main] INFO  testCases.TC_002_LoginTest.verifyLogin(TC_002_LoginTest.java:17)oggger - ******Starting TC_002_LoginTest*******
18:12:09.380 [main] INFO  testCases.TC_002_LoginTest.verifyLogin(TC_002_LoginTest.java:42)oggger - *******Finished TC_002_LoginTest******
18:15:03.568 [main] INFO  org.testng.log4testng.Logger.info(Logger.java:112)oggger - [TestNG] Running:
  D:\Program Data\eclipse-workspace\OpencartV121\testng.xml

18:15:08.841 [main] INFO  testCases.TC_002_LoginTest.verifyLogin(TC_002_LoginTest.java:17)oggger - ******Starting TC_002_LoginTest*******
18:15:12.241 [main] INFO  testCases.TC_002_LoginTest.verifyLogin(TC_002_LoginTest.java:42)oggger - *******Finished TC_002_LoginTest******
18:17:56.745 [main] INFO  org.testng.log4testng.Logger.info(Logger.java:112)oggger - [TestNG] Running:
  D:\Program Data\eclipse-workspace\OpencartV121\testng.xml

18:18:03.604 [main] INFO  testCases.TC_002_LoginTest.verifyLogin(TC_002_LoginTest.java:17)oggger - ******Starting TC_002_LoginTest*******
18:20:58.979 [main] INFO  org.testng.log4testng.Logger.info(Logger.java:112)oggger - [Utils] MethodGroupsHelper.collectMethodsByGroup() took 0 ms.
18:20:58.990 [main] INFO  org.testng.log4testng.Logger.info(Logger.java:112)oggger - [Utils] MethodGroupsHelper.sortMethods() took 1 ms.
18:20:58.992 [main] INFO  org.testng.log4testng.Logger.info(Logger.java:112)oggger - [Utils] MethodGroupsHelper.collectMethodsByGroup() took 0 ms.
18:20:58.993 [main] INFO  org.testng.log4testng.Logger.info(Logger.java:112)oggger - [Utils] MethodGroupsHelper.sortMethods() took 0 ms.
18:20:58.994 [main] INFO  org.testng.log4testng.Logger.info(Logger.java:112)oggger - [Utils] MethodGroupsHelper.collectMethodsByGroup() took 0 ms.
18:20:58.994 [main] INFO  org.testng.log4testng.Logger.info(Logger.java:112)oggger - [Utils] MethodGroupsHelper.sortMethods() took 0 ms.
18:20:58.995 [main] INFO  org.testng.log4testng.Logger.info(Logger.java:112)oggger - [Utils] MethodGroupsHelper.collectMethodsByGroup() took 0 ms.
18:20:58.996 [main] INFO  org.testng.log4testng.Logger.info(Logger.java:112)oggger - [Utils] MethodGroupsHelper.sortMethods() took 0 ms.
18:20:59.005 [main] INFO  org.testng.log4testng.Logger.info(Logger.java:112)oggger - [Utils] MethodGroupsHelper.collectMethodsByGroup() took 6 ms.
18:20:59.016 [main] INFO  org.testng.log4testng.Logger.info(Logger.java:112)oggger - [Utils] MethodGroupsHelper.sortMethods() took 10 ms.
18:20:59.017 [main] INFO  org.testng.log4testng.Logger.info(Logger.java:112)oggger - [Utils] MethodGroupsHelper.collectMethodsByGroup() took 0 ms.
18:20:59.018 [main] INFO  org.testng.log4testng.Logger.info(Logger.java:112)oggger - [Utils] MethodGroupsHelper.sortMethods() took 0 ms.
18:20:59.019 [main] INFO  org.testng.log4testng.Logger.info(Logger.java:112)oggger - [Utils] MethodGroupsHelper.collectMethodsByGroup() took 0 ms.
18:20:59.019 [main] INFO  org.testng.log4testng.Logger.info(Logger.java:112)oggger - [Utils] MethodGroupsHelper.sortMethods() took 0 ms.
18:20:59.020 [main] INFO  org.testng.log4testng.Logger.info(Logger.java:112)oggger - [Utils] MethodGroupsHelper.collectMethodsByGroup() took 0 ms.
18:20:59.020 [main] INFO  org.testng.log4testng.Logger.info(Logger.java:112)oggger - [Utils] MethodGroupsHelper.sortMethods() took 0 ms.
18:20:59.022 [main] INFO  org.testng.log4testng.Logger.info(Logger.java:112)oggger - [Utils] MethodGroupsHelper.collectMethodsByGroup() took 0 ms.
18:20:59.023 [main] INFO  org.testng.log4testng.Logger.info(Logger.java:112)oggger - [Utils] MethodGroupsHelper.sortMethods() took 0 ms.
18:20:59.023 [main] INFO  org.testng.log4testng.Logger.info(Logger.java:112)oggger - [Utils] MethodGroupsHelper.collectMethodsByGroup() took 0 ms.
18:20:59.023 [main] INFO  org.testng.log4testng.Logger.info(Logger.java:112)oggger - [Utils] MethodGroupsHelper.sortMethods() took 0 ms.
18:20:59.026 [main] INFO  org.testng.log4testng.Logger.info(Logger.java:112)oggger - [Utils] MethodGroupsHelper.collectMethodsByGroup() took 0 ms.
18:20:59.027 [main] INFO  org.testng.log4testng.Logger.info(Logger.java:112)oggger - [Utils] MethodGroupsHelper.sortMethods() took 0 ms.
18:20:59.027 [main] INFO  org.testng.log4testng.Logger.info(Logger.java:112)oggger - [Utils] MethodGroupsHelper.collectMethodsByGroup() took 0 ms.
18:20:59.027 [main] INFO  org.testng.log4testng.Logger.info(Logger.java:112)oggger - [Utils] MethodGroupsHelper.sortMethods() took 0 ms.
18:20:59.029 [main] INFO  org.testng.log4testng.Logger.info(Logger.java:112)oggger - [Utils] MethodGroupsHelper.collectMethodsByGroup() took 0 ms.
18:20:59.030 [main] INFO  org.testng.log4testng.Logger.info(Logger.java:112)oggger - [Utils] MethodGroupsHelper.sortMethods() took 0 ms.
18:20:59.032 [main] INFO  org.testng.log4testng.Logger.info(Logger.java:112)oggger - [Utils] MethodGroupsHelper.collectMethodsByGroup() took 0 ms.
18:20:59.032 [main] INFO  org.testng.log4testng.Logger.info(Logger.java:112)oggger - [Utils] MethodGroupsHelper.sortMethods() took 0 ms.
18:20:59.032 [main] INFO  org.testng.log4testng.Logger.info(Logger.java:112)oggger - [Utils] MethodGroupsHelper.collectMethodsByGroup() took 0 ms.
18:20:59.033 [main] INFO  org.testng.log4testng.Logger.info(Logger.java:112)oggger - [Utils] MethodGroupsHelper.sortMethods() took 0 ms.
18:20:59.040 [main] INFO  org.testng.log4testng.Logger.info(Logger.java:112)oggger - [TestNG] Running:
  C:\Users\yogen\AppData\Local\Temp\testng-eclipse--85549556\testng-customsuite.xml

18:20:59.064 [main] INFO  org.testng.log4testng.Logger.info(Logger.java:112)oggger - [Utils] DynamicGraphHelper.createDynamicGraph() took 6 ms.
18:20:59.671 [main] INFO  org.testng.log4testng.Logger.info(Logger.java:112)oggger - [TestNG] Time taken by org.testng.reporters.jq.Main@72ea6193: 405 ms
18:20:59.809 [main] INFO  org.testng.log4testng.Logger.info(Logger.java:112)oggger - [TestNG] Time taken by org.testng.reporters.FailedReporter@45e37a7e: 137 ms
18:20:59.847 [main] INFO  org.testng.log4testng.Logger.info(Logger.java:112)oggger - [TestNG] Time taken by org.testng.reporters.XMLReporter@68b6f0d6: 32 ms
18:20:59.860 [main] INFO  org.testng.log4testng.Logger.info(Logger.java:112)oggger - [TestNG] Time taken by org.testng.reporters.EmailableReporter2@4c398c80: 13 ms
18:20:59.871 [main] INFO  org.testng.log4testng.Logger.info(Logger.java:112)oggger - [TestNG] Time taken by org.testng.reporters.JUnitReportReporter@40cb698e: 11 ms
18:20:59.872 [main] INFO  org.testng.log4testng.Logger.info(Logger.java:112)oggger - [TestNG] Time taken by org.testng.internal.ExitCodeListener@3382f8ae: 1 ms
18:24:32.359 [main] INFO  org.testng.log4testng.Logger.info(Logger.java:112)oggger - [TestNG] Running:
  D:\Program Data\eclipse-workspace\OpencartV121\testng.xml

18:24:37.558 [main] INFO  testCases.TC_002_LoginTest.verifyLogin(TC_002_LoginTest.java:17)oggger - ******Starting TC_002_LoginTest*******
18:24:39.456 [main] INFO  testCases.TC_002_LoginTest.verifyLogin(TC_002_LoginTest.java:42)oggger - *******Finished TC_002_LoginTest******
18:26:13.769 [main] INFO  org.testng.log4testng.Logger.info(Logger.java:112)oggger - [TestNG] Running:
  D:\Program Data\eclipse-workspace\OpencartV121\testng.xml

18:26:20.090 [main] INFO  testCases.TC_002_LoginTest.verifyLogin(TC_002_LoginTest.java:17)oggger - ******Starting TC_002_LoginTest*******
18:29:45.842 [main] INFO  org.testng.log4testng.Logger.info(Logger.java:112)oggger - [Utils] MethodGroupsHelper.collectMethodsByGroup() took 0 ms.
18:29:45.849 [main] INFO  org.testng.log4testng.Logger.info(Logger.java:112)oggger - [Utils] MethodGroupsHelper.sortMethods() took 1 ms.
18:29:45.851 [main] INFO  org.testng.log4testng.Logger.info(Logger.java:112)oggger - [Utils] MethodGroupsHelper.collectMethodsByGroup() took 0 ms.
18:29:45.852 [main] INFO  org.testng.log4testng.Logger.info(Logger.java:112)oggger - [Utils] MethodGroupsHelper.sortMethods() took 0 ms.
18:29:45.853 [main] INFO  org.testng.log4testng.Logger.info(Logger.java:112)oggger - [Utils] MethodGroupsHelper.collectMethodsByGroup() took 0 ms.
18:29:45.853 [main] INFO  org.testng.log4testng.Logger.info(Logger.java:112)oggger - [Utils] MethodGroupsHelper.sortMethods() took 0 ms.
18:29:45.854 [main] INFO  org.testng.log4testng.Logger.info(Logger.java:112)oggger - [Utils] MethodGroupsHelper.collectMethodsByGroup() took 0 ms.
18:29:45.854 [main] INFO  org.testng.log4testng.Logger.info(Logger.java:112)oggger - [Utils] MethodGroupsHelper.sortMethods() took 0 ms.
18:29:45.861 [main] INFO  org.testng.log4testng.Logger.info(Logger.java:112)oggger - [Utils] MethodGroupsHelper.collectMethodsByGroup() took 5 ms.
18:29:45.873 [main] INFO  org.testng.log4testng.Logger.info(Logger.java:112)oggger - [Utils] MethodGroupsHelper.sortMethods() took 11 ms.
18:29:45.875 [main] INFO  org.testng.log4testng.Logger.info(Logger.java:112)oggger - [Utils] MethodGroupsHelper.collectMethodsByGroup() took 0 ms.
18:29:45.876 [main] INFO  org.testng.log4testng.Logger.info(Logger.java:112)oggger - [Utils] MethodGroupsHelper.sortMethods() took 0 ms.
18:29:45.877 [main] INFO  org.testng.log4testng.Logger.info(Logger.java:112)oggger - [Utils] MethodGroupsHelper.collectMethodsByGroup() took 0 ms.
18:29:45.877 [main] INFO  org.testng.log4testng.Logger.info(Logger.java:112)oggger - [Utils] MethodGroupsHelper.sortMethods() took 0 ms.
18:29:45.880 [main] INFO  org.testng.log4testng.Logger.info(Logger.java:112)oggger - [Utils] MethodGroupsHelper.collectMethodsByGroup() took 0 ms.
18:29:45.880 [main] INFO  org.testng.log4testng.Logger.info(Logger.java:112)oggger - [Utils] MethodGroupsHelper.sortMethods() took 0 ms.
18:29:45.885 [main] INFO  org.testng.log4testng.Logger.info(Logger.java:112)oggger - [Utils] MethodGroupsHelper.collectMethodsByGroup() took 0 ms.
18:29:45.886 [main] INFO  org.testng.log4testng.Logger.info(Logger.java:112)oggger - [Utils] MethodGroupsHelper.sortMethods() took 0 ms.
18:29:45.889 [main] INFO  org.testng.log4testng.Logger.info(Logger.java:112)oggger - [Utils] MethodGroupsHelper.collectMethodsByGroup() took 0 ms.
18:29:45.891 [main] INFO  org.testng.log4testng.Logger.info(Logger.java:112)oggger - [Utils] MethodGroupsHelper.sortMethods() took 0 ms.
18:29:45.900 [main] INFO  org.testng.log4testng.Logger.info(Logger.java:112)oggger - [Utils] MethodGroupsHelper.collectMethodsByGroup() took 0 ms.
18:29:45.901 [main] INFO  org.testng.log4testng.Logger.info(Logger.java:112)oggger - [Utils] MethodGroupsHelper.sortMethods() took 0 ms.
18:29:45.902 [main] INFO  org.testng.log4testng.Logger.info(Logger.java:112)oggger - [Utils] MethodGroupsHelper.collectMethodsByGroup() took 0 ms.
18:29:45.903 [main] INFO  org.testng.log4testng.Logger.info(Logger.java:112)oggger - [Utils] MethodGroupsHelper.sortMethods() took 0 ms.
18:29:45.905 [main] INFO  org.testng.log4testng.Logger.info(Logger.java:112)oggger - [Utils] MethodGroupsHelper.collectMethodsByGroup() took 1 ms.
18:29:45.906 [main] INFO  org.testng.log4testng.Logger.info(Logger.java:112)oggger - [Utils] MethodGroupsHelper.sortMethods() took 0 ms.
18:29:45.908 [main] INFO  org.testng.log4testng.Logger.info(Logger.java:112)oggger - [Utils] MethodGroupsHelper.collectMethodsByGroup() took 0 ms.
18:29:45.908 [main] INFO  org.testng.log4testng.Logger.info(Logger.java:112)oggger - [Utils] MethodGroupsHelper.sortMethods() took 0 ms.
18:29:45.909 [main] INFO  org.testng.log4testng.Logger.info(Logger.java:112)oggger - [Utils] MethodGroupsHelper.collectMethodsByGroup() took 0 ms.
18:29:45.909 [main] INFO  org.testng.log4testng.Logger.info(Logger.java:112)oggger - [Utils] MethodGroupsHelper.sortMethods() took 0 ms.
18:29:45.920 [main] INFO  org.testng.log4testng.Logger.info(Logger.java:112)oggger - [TestNG] Running:
  C:\Users\yogen\AppData\Local\Temp\testng-eclipse--2001435970\testng-customsuite.xml

18:29:45.957 [main] INFO  org.testng.log4testng.Logger.info(Logger.java:112)oggger - [Utils] DynamicGraphHelper.createDynamicGraph() took 6 ms.
18:29:46.324 [main] INFO  org.testng.log4testng.Logger.info(Logger.java:112)oggger - [TestNG] Time taken by org.testng.reporters.jq.Main@72ea6193: 101 ms
18:29:46.343 [main] INFO  org.testng.log4testng.Logger.info(Logger.java:112)oggger - [TestNG] Time taken by org.testng.reporters.FailedReporter@45e37a7e: 19 ms
18:29:46.357 [main] INFO  org.testng.log4testng.Logger.info(Logger.java:112)oggger - [TestNG] Time taken by org.testng.reporters.XMLReporter@68b6f0d6: 13 ms
18:29:46.375 [main] INFO  org.testng.log4testng.Logger.info(Logger.java:112)oggger - [TestNG] Time taken by org.testng.reporters.EmailableReporter2@4c398c80: 17 ms
18:29:46.386 [main] INFO  org.testng.log4testng.Logger.info(Logger.java:112)oggger - [TestNG] Time taken by org.testng.reporters.JUnitReportReporter@40cb698e: 11 ms
18:29:46.387 [main] INFO  org.testng.log4testng.Logger.info(Logger.java:112)oggger - [TestNG] Time taken by org.testng.internal.ExitCodeListener@3382f8ae: 1 ms
18:30:47.318 [main] INFO  org.testng.log4testng.Logger.info(Logger.java:112)oggger - [TestNG] Running:
  D:\Program Data\eclipse-workspace\OpencartV121\testng.xml

18:30:51.955 [main] INFO  testCases.TC_002_LoginTest.verifyLogin(TC_002_LoginTest.java:17)oggger - ******Starting TC_002_LoginTest*******
18:31:28.170 [main] INFO  org.testng.log4testng.Logger.info(Logger.java:112)oggger - [Utils] MethodGroupsHelper.collectMethodsByGroup() took 0 ms.
18:31:28.179 [main] INFO  org.testng.log4testng.Logger.info(Logger.java:112)oggger - [Utils] MethodGroupsHelper.sortMethods() took 3 ms.
18:31:28.181 [main] INFO  org.testng.log4testng.Logger.info(Logger.java:112)oggger - [Utils] MethodGroupsHelper.collectMethodsByGroup() took 0 ms.
18:31:28.181 [main] INFO  org.testng.log4testng.Logger.info(Logger.java:112)oggger - [Utils] MethodGroupsHelper.sortMethods() took 0 ms.
18:31:28.182 [main] INFO  org.testng.log4testng.Logger.info(Logger.java:112)oggger - [Utils] MethodGroupsHelper.collectMethodsByGroup() took 0 ms.
18:31:28.183 [main] INFO  org.testng.log4testng.Logger.info(Logger.java:112)oggger - [Utils] MethodGroupsHelper.sortMethods() took 0 ms.
18:31:28.184 [main] INFO  org.testng.log4testng.Logger.info(Logger.java:112)oggger - [Utils] MethodGroupsHelper.collectMethodsByGroup() took 0 ms.
18:31:28.184 [main] INFO  org.testng.log4testng.Logger.info(Logger.java:112)oggger - [Utils] MethodGroupsHelper.sortMethods() took 0 ms.
18:31:28.192 [main] INFO  org.testng.log4testng.Logger.info(Logger.java:112)oggger - [Utils] MethodGroupsHelper.collectMethodsByGroup() took 6 ms.
18:31:28.203 [main] INFO  org.testng.log4testng.Logger.info(Logger.java:112)oggger - [Utils] MethodGroupsHelper.sortMethods() took 10 ms.
18:31:28.204 [main] INFO  org.testng.log4testng.Logger.info(Logger.java:112)oggger - [Utils] MethodGroupsHelper.collectMethodsByGroup() took 0 ms.
18:31:28.204 [main] INFO  org.testng.log4testng.Logger.info(Logger.java:112)oggger - [Utils] MethodGroupsHelper.sortMethods() took 0 ms.
18:31:28.205 [main] INFO  org.testng.log4testng.Logger.info(Logger.java:112)oggger - [Utils] MethodGroupsHelper.collectMethodsByGroup() took 0 ms.
18:31:28.205 [main] INFO  org.testng.log4testng.Logger.info(Logger.java:112)oggger - [Utils] MethodGroupsHelper.sortMethods() took 0 ms.
18:31:28.205 [main] INFO  org.testng.log4testng.Logger.info(Logger.java:112)oggger - [Utils] MethodGroupsHelper.collectMethodsByGroup() took 0 ms.
18:31:28.206 [main] INFO  org.testng.log4testng.Logger.info(Logger.java:112)oggger - [Utils] MethodGroupsHelper.sortMethods() took 0 ms.
18:31:28.207 [main] INFO  org.testng.log4testng.Logger.info(Logger.java:112)oggger - [Utils] MethodGroupsHelper.collectMethodsByGroup() took 0 ms.
18:31:28.208 [main] INFO  org.testng.log4testng.Logger.info(Logger.java:112)oggger - [Utils] MethodGroupsHelper.sortMethods() took 0 ms.
18:31:28.208 [main] INFO  org.testng.log4testng.Logger.info(Logger.java:112)oggger - [Utils] MethodGroupsHelper.collectMethodsByGroup() took 0 ms.
18:31:28.208 [main] INFO  org.testng.log4testng.Logger.info(Logger.java:112)oggger - [Utils] MethodGroupsHelper.sortMethods() took 0 ms.
18:31:28.212 [main] INFO  org.testng.log4testng.Logger.info(Logger.java:112)oggger - [Utils] MethodGroupsHelper.collectMethodsByGroup() took 0 ms.
18:31:28.212 [main] INFO  org.testng.log4testng.Logger.info(Logger.java:112)oggger - [Utils] MethodGroupsHelper.sortMethods() took 0 ms.
18:31:28.212 [main] INFO  org.testng.log4testng.Logger.info(Logger.java:112)oggger - [Utils] MethodGroupsHelper.collectMethodsByGroup() took 0 ms.
18:31:28.212 [main] INFO  org.testng.log4testng.Logger.info(Logger.java:112)oggger - [Utils] MethodGroupsHelper.sortMethods() took 0 ms.
18:31:28.214 [main] INFO  org.testng.log4testng.Logger.info(Logger.java:112)oggger - [Utils] MethodGroupsHelper.collectMethodsByGroup() took 0 ms.
18:31:28.215 [main] INFO  org.testng.log4testng.Logger.info(Logger.java:112)oggger - [Utils] MethodGroupsHelper.sortMethods() took 0 ms.
18:31:28.216 [main] INFO  org.testng.log4testng.Logger.info(Logger.java:112)oggger - [Utils] MethodGroupsHelper.collectMethodsByGroup() took 0 ms.
18:31:28.217 [main] INFO  org.testng.log4testng.Logger.info(Logger.java:112)oggger - [Utils] MethodGroupsHelper.sortMethods() took 0 ms.
18:31:28.217 [main] INFO  org.testng.log4testng.Logger.info(Logger.java:112)oggger - [Utils] MethodGroupsHelper.collectMethodsByGroup() took 0 ms.
18:31:28.217 [main] INFO  org.testng.log4testng.Logger.info(Logger.java:112)oggger - [Utils] MethodGroupsHelper.sortMethods() took 0 ms.
18:31:28.227 [main] INFO  org.testng.log4testng.Logger.info(Logger.java:112)oggger - [TestNG] Running:
  C:\Users\yogen\AppData\Local\Temp\testng-eclipse--1506493998\testng-customsuite.xml

18:31:28.247 [main] INFO  org.testng.log4testng.Logger.info(Logger.java:112)oggger - [Utils] DynamicGraphHelper.createDynamicGraph() took 3 ms.
18:31:28.458 [main] INFO  org.testng.log4testng.Logger.info(Logger.java:112)oggger - [TestNG] Time taken by org.testng.reporters.jq.Main@72ea6193: 79 ms
18:31:28.479 [main] INFO  org.testng.log4testng.Logger.info(Logger.java:112)oggger - [TestNG] Time taken by org.testng.reporters.FailedReporter@45e37a7e: 19 ms
18:31:28.494 [main] INFO  org.testng.log4testng.Logger.info(Logger.java:112)oggger - [TestNG] Time taken by org.testng.reporters.XMLReporter@68b6f0d6: 13 ms
18:31:28.505 [main] INFO  org.testng.log4testng.Logger.info(Logger.java:112)oggger - [TestNG] Time taken by org.testng.reporters.EmailableReporter2@4c398c80: 11 ms
18:31:28.516 [main] INFO  org.testng.log4testng.Logger.info(Logger.java:112)oggger - [TestNG] Time taken by org.testng.reporters.JUnitReportReporter@40cb698e: 9 ms
18:31:28.516 [main] INFO  org.testng.log4testng.Logger.info(Logger.java:112)oggger - [TestNG] Time taken by org.testng.internal.ExitCodeListener@3382f8ae: 0 ms
18:32:10.510 [main] INFO  org.testng.log4testng.Logger.info(Logger.java:112)oggger - [TestNG] Running:
  D:\Program Data\eclipse-workspace\OpencartV121\testng.xml

18:32:14.652 [main] INFO  testCases.TC_002_LoginTest.verifyLogin(TC_002_LoginTest.java:17)oggger - ******Starting TC_002_LoginTest*******
18:32:16.616 [main] INFO  testCases.TC_002_LoginTest.verifyLogin(TC_002_LoginTest.java:42)oggger - *******Finished TC_002_LoginTest******
18:32:42.780 [main] INFO  org.testng.log4testng.Logger.info(Logger.java:112)oggger - [TestNG] Running:
  D:\Program Data\eclipse-workspace\OpencartV121\testng.xml

18:32:46.646 [main] INFO  testCases.TC_002_LoginTest.verifyLogin(TC_002_LoginTest.java:17)oggger - ******Starting TC_002_LoginTest*******
18:37:31.008 [main] INFO  org.testng.log4testng.Logger.info(Logger.java:112)oggger - [TestNG] Running:
  D:\Program Data\eclipse-workspace\OpencartV121\testng.xml

18:37:37.470 [main] INFO  testCases.TC_002_LoginTest.verifyLogin(TC_002_LoginTest.java:17)oggger - ******Starting TC_002_LoginTest*******
18:38:39.164 [main] INFO  org.testng.log4testng.Logger.info(Logger.java:112)oggger - [TestNG] Running:
  D:\Program Data\eclipse-workspace\OpencartV121\testng.xml

18:38:43.880 [main] INFO  testCases.TC_002_LoginTest.verifyLogin(TC_002_LoginTest.java:17)oggger - ******Starting TC_002_LoginTest*******
18:38:45.696 [main] INFO  testCases.TC_002_LoginTest.verifyLogin(TC_002_LoginTest.java:42)oggger - *******Finished TC_002_LoginTest******
23:09:24.878 [main] INFO  org.testng.log4testng.Logger.info(Logger.java:112)oggger - [TestNG] Running:
  D:\Program Data\eclipse-workspace\OpencartV121\testng.xml

23:09:33.825 [main] INFO  testCases.TC003_LoginDDT.verifyLoginDDT(TC003_LoginDDT.java:19)oggger - ******Starting TC003_LoginDDT*******
23:09:45.746 [main] INFO  testCases.TC003_LoginDDT.verifyLoginDDT(TC003_LoginDDT.java:19)oggger - ******Starting TC003_LoginDDT*******
23:09:55.989 [main] INFO  testCases.TC003_LoginDDT.verifyLoginDDT(TC003_LoginDDT.java:19)oggger - ******Starting TC003_LoginDDT*******
23:10:06.115 [main] INFO  testCases.TC003_LoginDDT.verifyLoginDDT(TC003_LoginDDT.java:19)oggger - ******Starting TC003_LoginDDT*******
23:10:16.236 [main] INFO  testCases.TC003_LoginDDT.verifyLoginDDT(TC003_LoginDDT.java:19)oggger - ******Starting TC003_LoginDDT*******
23:10:26.342 [main] INFO  testCases.TC003_LoginDDT.verifyLoginDDT(TC003_LoginDDT.java:19)oggger - ******Starting TC003_LoginDDT*******
23:13:43.741 [main] INFO  org.testng.log4testng.Logger.info(Logger.java:112)oggger - [TestNG] Running:
  D:\Program Data\eclipse-workspace\OpencartV121\testng.xml

23:13:56.847 [main] INFO  testCases.TC003_LoginDDT.verifyLoginDDT(TC003_LoginDDT.java:19)oggger - ******Starting TC003_LoginDDT*******
23:14:09.348 [main] INFO  testCases.TC003_LoginDDT.verifyLoginDDT(TC003_LoginDDT.java:19)oggger - ******Starting TC003_LoginDDT*******
23:14:19.509 [main] INFO  testCases.TC003_LoginDDT.verifyLoginDDT(TC003_LoginDDT.java:19)oggger - ******Starting TC003_LoginDDT*******
23:14:29.628 [main] INFO  testCases.TC003_LoginDDT.verifyLoginDDT(TC003_LoginDDT.java:19)oggger - ******Starting TC003_LoginDDT*******
23:14:39.753 [main] INFO  testCases.TC003_LoginDDT.verifyLoginDDT(TC003_LoginDDT.java:19)oggger - ******Starting TC003_LoginDDT*******
23:14:49.892 [main] INFO  testCases.TC003_LoginDDT.verifyLoginDDT(TC003_LoginDDT.java:19)oggger - ******Starting TC003_LoginDDT*******
23:16:21.795 [main] INFO  org.testng.log4testng.Logger.info(Logger.java:112)oggger - [TestNG] Running:
  D:\Program Data\eclipse-workspace\OpencartV121\testng.xml

23:16:30.203 [main] INFO  testCases.TC003_LoginDDT.verifyLoginDDT(TC003_LoginDDT.java:19)oggger - ******Starting TC003_LoginDDT*******
23:16:42.141 [main] INFO  testCases.TC003_LoginDDT.verifyLoginDDT(TC003_LoginDDT.java:19)oggger - ******Starting TC003_LoginDDT*******
23:16:52.304 [main] INFO  testCases.TC003_LoginDDT.verifyLoginDDT(TC003_LoginDDT.java:19)oggger - ******Starting TC003_LoginDDT*******
23:17:02.417 [main] INFO  testCases.TC003_LoginDDT.verifyLoginDDT(TC003_LoginDDT.java:19)oggger - ******Starting TC003_LoginDDT*******
23:17:12.552 [main] INFO  testCases.TC003_LoginDDT.verifyLoginDDT(TC003_LoginDDT.java:19)oggger - ******Starting TC003_LoginDDT*******
23:17:22.674 [main] INFO  testCases.TC003_LoginDDT.verifyLoginDDT(TC003_LoginDDT.java:19)oggger - ******Starting TC003_LoginDDT*******
23:18:01.726 [main] INFO  org.testng.log4testng.Logger.info(Logger.java:112)oggger - [TestNG] Running:
  D:\Program Data\eclipse-workspace\OpencartV121\testng.xml

23:18:09.864 [main] INFO  testCases.TC003_LoginDDT.verifyLoginDDT(TC003_LoginDDT.java:19)oggger - ******Starting TC003_LoginDDT*******
23:18:21.728 [main] INFO  testCases.TC003_LoginDDT.verifyLoginDDT(TC003_LoginDDT.java:19)oggger - ******Starting TC003_LoginDDT*******
23:18:32.046 [main] INFO  testCases.TC003_LoginDDT.verifyLoginDDT(TC003_LoginDDT.java:19)oggger - ******Starting TC003_LoginDDT*******
23:18:42.699 [main] INFO  testCases.TC003_LoginDDT.verifyLoginDDT(TC003_LoginDDT.java:19)oggger - ******Starting TC003_LoginDDT*******
23:18:53.950 [main] INFO  testCases.TC003_LoginDDT.verifyLoginDDT(TC003_LoginDDT.java:19)oggger - ******Starting TC003_LoginDDT*******
23:19:04.117 [main] INFO  testCases.TC003_LoginDDT.verifyLoginDDT(TC003_LoginDDT.java:19)oggger - ******Starting TC003_LoginDDT*******
23:22:58.139 [main] INFO  org.testng.log4testng.Logger.info(Logger.java:112)oggger - [TestNG] Running:
  D:\Program Data\eclipse-workspace\OpencartV121\testng.xml

23:23:06.330 [main] INFO  testCases.TC003_LoginDDT.verifyLoginDDT(TC003_LoginDDT.java:19)oggger - ******Starting TC003_LoginDDT*******
23:23:09.172 [main] INFO  testCases.TC003_LoginDDT.verifyLoginDDT(TC003_LoginDDT.java:19)oggger - ******Starting TC003_LoginDDT*******
23:23:11.086 [main] INFO  testCases.TC003_LoginDDT.verifyLoginDDT(TC003_LoginDDT.java:19)oggger - ******Starting TC003_LoginDDT*******
23:23:12.941 [main] INFO  testCases.TC003_LoginDDT.verifyLoginDDT(TC003_LoginDDT.java:19)oggger - ******Starting TC003_LoginDDT*******
23:23:24.298 [main] INFO  testCases.TC003_LoginDDT.verifyLoginDDT(TC003_LoginDDT.java:19)oggger - ******Starting TC003_LoginDDT*******
23:23:27.561 [main] INFO  testCases.TC003_LoginDDT.verifyLoginDDT(TC003_LoginDDT.java:19)oggger - ******Starting TC003_LoginDDT*******
23:24:28.313 [main] INFO  org.testng.log4testng.Logger.info(Logger.java:112)oggger - [TestNG] Running:
  D:\Program Data\eclipse-workspace\OpencartV121\testng.xml

23:24:37.426 [main] INFO  testCases.TC003_LoginDDT.verifyLoginDDT(TC003_LoginDDT.java:19)oggger - ******Starting TC003_LoginDDT*******
23:24:39.661 [main] INFO  testCases.TC003_LoginDDT.verifyLoginDDT(TC003_LoginDDT.java:19)oggger - ******Starting TC003_LoginDDT*******
23:24:41.629 [main] INFO  testCases.TC003_LoginDDT.verifyLoginDDT(TC003_LoginDDT.java:19)oggger - ******Starting TC003_LoginDDT*******
23:24:43.448 [main] INFO  testCases.TC003_LoginDDT.verifyLoginDDT(TC003_LoginDDT.java:19)oggger - ******Starting TC003_LoginDDT*******
23:24:56.173 [main] INFO  testCases.TC003_LoginDDT.verifyLoginDDT(TC003_LoginDDT.java:19)oggger - ******Starting TC003_LoginDDT*******
23:24:58.698 [main] INFO  testCases.TC003_LoginDDT.verifyLoginDDT(TC003_LoginDDT.java:19)oggger - ******Starting TC003_LoginDDT*******
07:45:41.110 [main] INFO  org.testng.log4testng.Logger.info(Logger.java:112)oggger - [TestNG] Running:
  D:\Program Data\eclipse-workspace\OpencartV121\grouping.xml

07:45:48.255 [main] INFO  testCases.TC001_AccountRegistrationTestCase.verify_account_registration(TC001_AccountRegistrationTestCase.java:19)oggger - started
07:45:48.256 [main] INFO  testCases.TC001_AccountRegistrationTestCase.verify_account_registration(TC001_AccountRegistrationTestCase.java:21)oggger - *********Starting TC001_AccountRegistrationTestCase **********
07:45:48.514 [main] INFO  testCases.TC001_AccountRegistrationTestCase.verify_account_registration(TC001_AccountRegistrationTestCase.java:24)oggger - Clicked My Account link
07:45:49.155 [main] INFO  testCases.TC001_AccountRegistrationTestCase.verify_account_registration(TC001_AccountRegistrationTestCase.java:27)oggger - Clicked Register link
07:45:49.166 [main] INFO  testCases.TC001_AccountRegistrationTestCase.verify_account_registration(TC001_AccountRegistrationTestCase.java:30)oggger - Providing customer details
07:45:51.303 [main] INFO  testCases.TC001_AccountRegistrationTestCase.verify_account_registration(TC001_AccountRegistrationTestCase.java:42)oggger - Validating expected message
07:45:51.359 [main] INFO  testCases.TC001_AccountRegistrationTestCase.verify_account_registration(TC001_AccountRegistrationTestCase.java:57)oggger - ****** Finished TC_001_AccountRegistrationTest ********
07:45:55.720 [main] INFO  testCases.TC_002_LoginTest.verifyLogin(TC_002_LoginTest.java:17)oggger - ******Starting TC_002_LoginTest*******
07:45:57.512 [main] INFO  testCases.TC_002_LoginTest.verifyLogin(TC_002_LoginTest.java:42)oggger - *******Finished TC_002_LoginTest******
